<?xml version="1.0" encoding="UTF-8" ?>
<testsuite tests="0" failures="0" name="com.ivl.CucumberAutomation.AppTest" time="0" errors="0" skipped="0">
  <properties>
    <property name="PROCESSOR_ARCHITECTURE" value="AMD64"/>
    <property name="LOGONSERVER" value="\\HIJ-ADC01"/>
    <property name="classpath" value=""/>
    <property name="ProgramData" value="C:\ProgramData"/>
    <property name="java.home" value="C:\Program Files\Java\jdk-11.0.11"/>
    <property name="NODE_NAME" value="built-in"/>
    <property name="JENKINS_URL" value="http://localhost:9191/"/>
    <property name="ALLUSERSPROFILE" value="C:\ProgramData"/>
    <property name="PSModulePath" value="C:\Program Files (x86)\WindowsPowerShell\Modules;C:\Windows\system32\WindowsPowerShell\v1.0\Modules;C:\Program Files (x86)\AutoIt3\AutoItX"/>
    <property name="=::" value="::\"/>
    <property name="USERDOMAIN" value="INFOVISIONLABS"/>
    <property name="sun.os.patch.level" value=""/>
    <property name="java.vendor.url" value="https://openjdk.java.net/"/>
    <property name="CommonProgramFiles(x86)" value="C:\Program Files (x86)\Common Files"/>
    <property name="java.version" value="11.0.11"/>
    <property name="JOB_NAME" value="mavenfirstproject"/>
    <property name="COMPUTERNAME" value="HIJ-WS043"/>
    <property name="java.vendor.url.bug" value="https://bugreport.java.com/bugreport/"/>
    <property name="PUBLIC" value="C:\Users\Public"/>
    <property name="java.version.date" value="2021-04-20"/>
    <property name="jdk.debug" value="release"/>
    <property name="ChocolateyLastPathUpdate" value="132778916729423899"/>
    <property name="user.name" value="Mahalakshmi.Athani"/>
    <property name="sun.io.unicode.encoding" value="UnicodeLittle"/>
    <property name="sun.jnu.encoding" value="Cp1252"/>
    <property name="java.runtime.name" value="Java(TM) SE Runtime Environment"/>
    <property name="windir" value="C:\Windows"/>
    <property name="PROCESSOR_IDENTIFIER" value="Intel64 Family 6 Model 60 Stepping 3, GenuineIntel"/>
    <property name="java.specification.name" value="Java Platform API Specification"/>
    <property name="LOCALAPPDATA" value="C:\Users\Mahalakshmi.Athani\AppData\Local"/>
    <property name="RUN_CHANGES_DISPLAY_URL" value="http://localhost:9191/job/mavenfirstproject/2/display/redirect?page=changes"/>
    <property name="user.timezone" value="Asia/Calcutta"/>
    <property name="user.script" value=""/>
    <property name="path.separator" value=";"/>
    <property name="NUMBER_OF_PROCESSORS" value="4"/>
    <property name="BUILD_TAG" value="jenkins-mavenfirstproject-2"/>
    <property name="file.encoding" value="Cp1252"/>
    <property name="sun.java.command" value="jenkins.maven3.agent.Maven35Main C:\apache-maven-3.8.3-bin\apache-maven-3.8.3 D:\JenkinsHome\war\WEB-INF\lib\remoting-4.11.2.jar D:\JenkinsHome\plugins\maven-plugin\WEB-INF\lib\maven35-interceptor-1.13.jar D:\JenkinsHome\plugins\maven-plugin\WEB-INF\lib\maven3-interceptor-commons-1.13.jar 49393"/>
    <property name="HUDSON_URL" value="http://localhost:9191/"/>
    <property name="JENKINS_SERVER_COOKIE" value="6a9bf078a92204fd"/>
    <property name="EXECUTOR_NUMBER" value="0"/>
    <property name="Path" value="C:\Program Files\Java\jdk-11.0.11/bin;C:\oraclexe\app\oracle\product\11.2.0\server\bin;C:\Python310\Scripts\;C:\Python310\;C:\Program Files\Common Files\Oracle\Java\javapath;C:\Windows\system32;C:\Windows;C:\Windows\System32\Wbem;C:\Windows\System32\WindowsPowerShell\v1.0\;C:\Windows\System32\OpenSSH\;C:\Program Files\nodejs\;C:\ProgramData\chocolatey\bin;C:\Program Files\MySQL\MySQL Server 8.0\bin;C:\apache-maven-3.8.3-bin\apache-maven-3.8.3\bin;%M2_HOME%\bin;%MAVEN_HOME%;C:\Program Files\Java\jdk-11.0.11;C:\Program Files\Java\jdk-11.0.11\lib;C:\Program Files\MySQL\MySQL Shell 8.0\bin\;C:\Users\Mahalakshmi.Athani\AppData\Local\Microsoft\WindowsApps;C:\Users\Mahalakshmi.Athani\AppData\Roaming\npm;C:\Program Files\JetBrains\WebStorm 2021.2.2\bin;;C:\Users\Mahalakshmi.Athani\AppData\Local\Programs\Microsoft VS Code\bin"/>
    <property name="java.io.tmpdir" value="C:\Users\MAHALA~1.ATH\AppData\Local\Temp\"/>
    <property name="APPDATA" value="C:\Users\Mahalakshmi.Athani\AppData\Roaming"/>
    <property name="user.language" value="en"/>
    <property name="line.separator" value="
"/>
    <property name="BUILD_URL" value="http://localhost:9191/job/mavenfirstproject/2/"/>
    <property name="M2_HOME" value="C:\apache-maven-3.8.3-bin\apache-maven-3.8.3"/>
    <property name="=C:" value="C:\Users\Mahalakshmi.Athani\Downloads"/>
    <property name="ERROR_CODE" value="0"/>
    <property name="java.vm.info" value="mixed mode"/>
    <property name="DriverData" value="C:\Windows\System32\Drivers\DriverData"/>
    <property name="sun.desktop" value="windows"/>
    <property name="java.vm.specification.name" value="Java Virtual Machine Specification"/>
    <property name="CI" value="true"/>
    <property name="BUILD_DISPLAY_NAME" value="#2"/>
    <property name="OS" value="Windows_NT"/>
    <property name="guice.disable.misplaced.annotation.check" value="true"/>
    <property name="HUDSON_SERVER_COOKIE" value="6a9bf078a92204fd"/>
    <property name="JRE_HOME" value="C:\Program Files\Java\jdk-11.0.11"/>
    <property name="WORKSPACE_TMP" value="D:\JenkinsHome\workspace\mavenfirstproject@tmp"/>
    <property name="MAVEN_HOME" value="C:\apache-maven-3.8.3-bin\apache-maven-3.8.3"/>
    <property name="SESSIONNAME" value="Console"/>
    <property name="PATHEXT" value=".COM;.EXE;.BAT;.CMD;.VBS;.VBE;.JS;.JSE;.WSF;.WSH;.MSC;.PY;.PYW"/>
    <property name="java.awt.printerjob" value="sun.awt.windows.WPrinterJob"/>
    <property name="maven3.interceptor.common" value="D:\JenkinsHome\plugins\maven-plugin\WEB-INF\lib\maven3-interceptor-commons-1.13.jar"/>
    <property name="jansi.mode" value="strip"/>
    <property name="HOMEPATH" value="\Users\Mahalakshmi.Athani"/>
    <property name="os.name" value="Windows 10"/>
    <property name="java.specification.vendor" value="Oracle Corporation"/>
    <property name="BUILD_NUMBER" value="2"/>
    <property name="java.vm.name" value="Java HotSpot(TM) 64-Bit Server VM"/>
    <property name="maven3.interceptor" value="D:\JenkinsHome\plugins\maven-plugin\WEB-INF\lib\maven35-interceptor-1.13.jar"/>
    <property name="java.library.path" value="C:\Program Files\Java\jdk-11.0.11\bin;C:\Windows\Sun\Java\bin;C:\Windows\system32;C:\Windows;C:\apache-maven-3.8.3-bin\apache-maven-3.8.3/bin;C:\Program Files\Java\jdk-11.0.11/bin;C:\Program Files\Java\jdk-11.0.11/bin;C:\oraclexe\app\oracle\product\11.2.0\server\bin;C:\Python310\Scripts\;C:\Python310\;C:\Program Files\Common Files\Oracle\Java\javapath;C:\Windows\system32;C:\Windows;C:\Windows\System32\Wbem;C:\Windows\System32\WindowsPowerShell\v1.0\;C:\Windows\System32\OpenSSH\;C:\Program Files\nodejs\;C:\ProgramData\chocolatey\bin;C:\Program Files\MySQL\MySQL Server 8.0\bin;C:\apache-maven-3.8.3-bin\apache-maven-3.8.3\bin;%M2_HOME%\bin;%MAVEN_HOME%;C:\Program Files\Java\jdk-11.0.11;C:\Program Files\Java\jdk-11.0.11\lib;C:\Program Files\MySQL\MySQL Shell 8.0\bin\;C:\Users\Mahalakshmi.Athani\AppData\Local\Microsoft\WindowsApps;C:\Users\Mahalakshmi.Athani\AppData\Roaming\npm;C:\Program Files\JetBrains\WebStorm 2021.2.2\bin;;C:\Users\Mahalakshmi.Athani\AppData\Local\Programs\Microsoft VS Code\bin;."/>
    <property name="HOMEDRIVE" value="C:"/>
    <property name="POM_GROUPID" value="FreeCrmBDDFramework"/>
    <property name="POM_ARTIFACTID" value="FreeCrmBDDFramework"/>
    <property name="java.class.version" value="55.0"/>
    <property name="JOB_URL" value="http://localhost:9191/job/mavenfirstproject/"/>
    <property name="OneDrive" value="C:\Users\Mahalakshmi.Athani\OneDrive"/>
    <property name="RUN_DISPLAY_URL" value="http://localhost:9191/job/mavenfirstproject/2/display/redirect"/>
    <property name="JENKINS_HOME" value="D:\JenkinsHome"/>
    <property name="BUILD_ID" value="2"/>
    <property name="TEMP" value="C:\Users\MAHALA~1.ATH\AppData\Local\Temp"/>
    <property name="sun.boot.library.path" value="C:\Program Files\Java\jdk-11.0.11\bin"/>
    <property name="sun.management.compiler" value="HotSpot 64-Bit Tiered Compilers"/>
    <property name="java.awt.graphicsenv" value="sun.awt.Win32GraphicsEnvironment"/>
    <property name="user.variant" value=""/>
    <property name="PROCESSOR_REVISION" value="3c03"/>
    <property name="POM_VERSION" value="0.0.1-SNAPSHOT"/>
    <property name="HUDSON_HOME" value="D:\JenkinsHome"/>
    <property name="ProgramFiles(x86)" value="C:\Program Files (x86)"/>
    <property name="PATH+MAVEN" value="C:\apache-maven-3.8.3-bin\apache-maven-3.8.3/bin"/>
    <property name="USERDOMAIN_ROAMINGPROFILE" value="INFOVISIONLABS"/>
    <property name="SCITE_USERHOME" value="C:\Users\Mahalakshmi.Athani\AppData\Local\AutoIt v3\SciTE"/>
    <property name="RUN_ARTIFACTS_DISPLAY_URL" value="http://localhost:9191/job/mavenfirstproject/2/display/redirect?page=artifacts"/>
    <property name="PROMPT" value="$P$G"/>
    <property name="java.vm.specification.version" value="11"/>
    <property name="JAVA_HOME" value="C:\Program Files\Java\jdk-11.0.11"/>
    <property name="awt.toolkit" value="sun.awt.windows.WToolkit"/>
    <property name="NODE_LABELS" value="built-in"/>
    <property name="sun.cpu.isalist" value="amd64"/>
    <property name="USERPROFILE" value="C:\Users\Mahalakshmi.Athani"/>
    <property name="java.vm.compressedOopsMode" value="Zero based"/>
    <property name="JOB_DISPLAY_URL" value="http://localhost:9191/job/mavenfirstproject/display/redirect"/>
    <property name="os.version" value="10.0"/>
    <property name="user.home" value="C:\Users\Mahalakshmi.Athani"/>
    <property name="USERNAME" value="Mahalakshmi.Athani"/>
    <property name="java.vm.vendor" value="Oracle Corporation"/>
    <property name="PROCESSOR_LEVEL" value="6"/>
    <property name="USERDNSDOMAIN" value="INFOVISIONLABS.COM"/>
    <property name="CommonProgramW6432" value="C:\Program Files\Common Files"/>
    <property name="user.dir" value="C:\Users\Mahalakshmi.Athani\eclipse-workspace\CucumberAutomation"/>
    <property name="maven.conf" value="C:\apache-maven-3.8.3-bin\apache-maven-3.8.3\conf"/>
    <property name="ProgramW6432" value="C:\Program Files"/>
    <property name="TMP" value="C:\Users\MAHALA~1.ATH\AppData\Local\Temp"/>
    <property name="sun.cpu.endian" value="little"/>
    <property name="SystemDrive" value="C:"/>
    <property name="java.vm.version" value="11.0.11+9-LTS-194"/>
    <property name="java.class.path" value="D:\JenkinsHome\plugins\maven-plugin\WEB-INF\lib\maven35-agent-1.13.jar;C:\apache-maven-3.8.3-bin\apache-maven-3.8.3\boot\plexus-classworlds-2.6.0.jar;C:\apache-maven-3.8.3-bin\apache-maven-3.8.3/conf/logging"/>
    <property name="org.slf4j.simpleLogger.defaultLogLevel" value="info"/>
    <property name="os.arch" value="amd64"/>
    <property name="WORKSPACE" value="D:\JenkinsHome\workspace\mavenfirstproject"/>
    <property name="ComSpec" value="C:\Windows\system32\cmd.exe"/>
    <property name="RUN_TESTS_DISPLAY_URL" value="http://localhost:9191/job/mavenfirstproject/2/display/redirect?page=tests"/>
    <property name="sun.java.launcher" value="SUN_STANDARD"/>
    <property name="FPS_BROWSER_APP_PROFILE_STRING" value="Internet Explorer"/>
    <property name="SystemRoot" value="C:\Windows"/>
    <property name="WebStorm" value="C:\Program Files\JetBrains\WebStorm 2021.2.2\bin;"/>
    <property name="CommonProgramFiles" value="C:\Program Files\Common Files"/>
    <property name="java.vm.specification.vendor" value="Oracle Corporation"/>
    <property name="FPS_BROWSER_USER_PROFILE_STRING" value="Default"/>
    <property name="file.separator" value="\"/>
    <property name="ChocolateyInstall" value="C:\ProgramData\chocolatey"/>
    <property name="java.runtime.version" value="11.0.11+9-LTS-194"/>
    <property name="ProgramFiles" value="C:\Program Files"/>
    <property name="PATH+JDK" value="C:\Program Files\Java\jdk-11.0.11/bin"/>
    <property name="=ExitCode" value="00000000"/>
    <property name="user.country" value="IN"/>
    <property name="POM_PACKAGING" value="jar"/>
    <property name="maven.home" value="C:\apache-maven-3.8.3-bin\apache-maven-3.8.3"/>
    <property name="JOB_BASE_NAME" value="mavenfirstproject"/>
    <property name="java.vendor.version" value="18.9"/>
    <property name="java.vendor" value="Oracle Corporation"/>
    <property name="java.specification.version" value="11"/>
    <property name="POM_DISPLAYNAME" value="FreeCrmBDDFramework"/>
    <property name="sun.arch.data.model" value="64"/>
  </properties>
</testsuite>